# JRE version: Java(TM) SE Runtime Environment (8.0_121-b13) (build 1.8.0_121-b13)
# Java VM: Java HotSpot(TM) 64-Bit Server VM (25.121-b13 mixed mode windows-amd64 compressed oops)
Heap:
 PSYoungGen      total 174080K, used 136916K [0x00000000d7b80000, 0x00000000e5200000, 0x0000000100000000)
  eden space 164352K, 83% used [0x00000000d7b80000,0x00000000e01353a0,0x00000000e1c00000)
  from space 9728K, 0% used [0x00000000e2680000,0x00000000e2680000,0x00000000e3000000)
  to   space 10752K, 0% used [0x00000000e1c00000,0x00000000e1c00000,0x00000000e2680000)
 ParOldGen       total 82432K, used 13437K [0x0000000087200000, 0x000000008c280000, 0x00000000d7b80000)
  object space 82432K, 16% used [0x0000000087200000,0x0000000087f1f580,0x000000008c280000)
 Metaspace       used 48618K, capacity 51110K, committed 51416K, reserved 1093632K
  class space    used 6632K, capacity 7078K, committed 7168K, reserved 1048576K
GC Heap History (10 events):
Event: 2.451 GC heap before
{Heap before GC invocations=6 (full 1):
 PSYoungGen      total 67584K, used 5097K [0x00000000d7b80000, 0x00000000e0680000, 0x0000000100000000)
  eden space 62464K, 0% used [0x00000000d7b80000,0x00000000d7b80000,0x00000000db880000)
  from space 5120K, 99% used [0x00000000db880000,0x00000000dbd7a430,0x00000000dbd80000)
  to   space 8704K, 0% used [0x00000000dfe00000,0x00000000dfe00000,0x00000000e0680000)
 ParOldGen       total 83456K, used 5595K [0x0000000087200000, 0x000000008c380000, 0x00000000d7b80000)
  object space 83456K, 6% used [0x0000000087200000,0x0000000087776c10,0x000000008c380000)
 Metaspace       used 20351K, capacity 21160K, committed 21248K, reserved 1067008K
  class space    used 2531K, capacity 2744K, committed 2816K, reserved 1048576K
Event: 2.477 GC heap after
Heap after GC invocations=6 (full 1):
 PSYoungGen      total 67584K, used 0K [0x00000000d7b80000, 0x00000000e0680000, 0x0000000100000000)
  eden space 62464K, 0% used [0x00000000d7b80000,0x00000000d7b80000,0x00000000db880000)
  from space 5120K, 0% used [0x00000000db880000,0x00000000db880000,0x00000000dbd80000)
  to   space 8704K, 0% used [0x00000000dfe00000,0x00000000dfe00000,0x00000000e0680000)
 ParOldGen       total 51200K, used 6450K [0x0000000087200000, 0x000000008a400000, 0x00000000d7b80000)
  object space 51200K, 12% used [0x0000000087200000,0x000000008784c9f8,0x000000008a400000)
 Metaspace       used 20351K, capacity 21160K, committed 21248K, reserved 1067008K
  class space    used 2531K, capacity 2744K, committed 2816K, reserved 1048576K
}
Event: 3.376 GC heap before
{Heap before GC invocations=7 (full 1):
 PSYoungGen      total 67584K, used 62464K [0x00000000d7b80000, 0x00000000e0680000, 0x0000000100000000)
  eden space 62464K, 100% used [0x00000000d7b80000,0x00000000db880000,0x00000000db880000)
  from space 5120K, 0% used [0x00000000db880000,0x00000000db880000,0x00000000dbd80000)
  to   space 8704K, 0% used [0x00000000dfe00000,0x00000000dfe00000,0x00000000e0680000)
 ParOldGen       total 51200K, used 6450K [0x0000000087200000, 0x000000008a400000, 0x00000000d7b80000)
  object space 51200K, 12% used [0x0000000087200000,0x000000008784c9f8,0x000000008a400000)
 Metaspace       used 23937K, capacity 25224K, committed 25344K, reserved 1071104K
  class space    used 3010K, capacity 3262K, committed 3328K, reserved 1048576K
Event: 3.386 GC heap after
Heap after GC invocations=7 (full 1):
 PSYoungGen      total 109568K, used 6274K [0x00000000d7b80000, 0x00000000e0480000, 0x0000000100000000)
  eden space 102912K, 0% used [0x00000000d7b80000,0x00000000d7b80000,0x00000000de000000)
  from space 6656K, 94% used [0x00000000dfe00000,0x00000000e0420a98,0x00000000e0480000)
  to   space 8704K, 0% used [0x00000000df380000,0x00000000df380000,0x00000000dfc00000)
 ParOldGen       total 51200K, used 6458K [0x0000000087200000, 0x000000008a400000, 0x00000000d7b80000)
  object space 51200K, 12% used [0x0000000087200000,0x000000008784e9f8,0x000000008a400000)
 Metaspace       used 23937K, capacity 25224K, committed 25344K, reserved 1071104K
  class space    used 3010K, capacity 3262K, committed 3328K, reserved 1048576K
}
Event: 4.768 GC heap before
{Heap before GC invocations=8 (full 1):
 PSYoungGen      total 109568K, used 109186K [0x00000000d7b80000, 0x00000000e0480000, 0x0000000100000000)
  eden space 102912K, 100% used [0x00000000d7b80000,0x00000000de000000,0x00000000de000000)
  from space 6656K, 94% used [0x00000000dfe00000,0x00000000e0420a98,0x00000000e0480000)
  to   space 8704K, 0% used [0x00000000df380000,0x00000000df380000,0x00000000dfc00000)
 ParOldGen       total 51200K, used 6458K [0x0000000087200000, 0x000000008a400000, 0x00000000d7b80000)
  object space 51200K, 12% used [0x0000000087200000,0x000000008784e9f8,0x000000008a400000)
 Metaspace       used 29705K, capacity 31662K, committed 31872K, reserved 1077248K
  class space    used 3803K, capacity 4151K, committed 4224K, reserved 1048576K
Event: 4.779 GC heap after
Heap after GC invocations=8 (full 1):
 PSYoungGen      total 131584K, used 8672K [0x00000000d7b80000, 0x00000000e3000000, 0x0000000100000000)
  eden space 122880K, 0% used [0x00000000d7b80000,0x00000000d7b80000,0x00000000df380000)
  from space 8704K, 99% used [0x00000000df380000,0x00000000dfbf8310,0x00000000dfc00000)
  to   space 9728K, 0% used [0x00000000e2680000,0x00000000e2680000,0x00000000e3000000)
 ParOldGen       total 51200K, used 6999K [0x0000000087200000, 0x000000008a400000, 0x00000000d7b80000)
  object space 51200K, 13% used [0x0000000087200000,0x00000000878d5ed8,0x000000008a400000)
 Metaspace       used 29705K, capacity 31662K, committed 31872K, reserved 1077248K
  class space    used 3803K, capacity 4151K, committed 4224K, reserved 1048576K
}
Event: 5.427 GC heap before
{Heap before GC invocations=9 (full 1):
 PSYoungGen      total 131584K, used 46823K [0x00000000d7b80000, 0x00000000e3000000, 0x0000000100000000)
  eden space 122880K, 31% used [0x00000000d7b80000,0x00000000da0c1900,0x00000000df380000)
  from space 8704K, 99% used [0x00000000df380000,0x00000000dfbf8310,0x00000000dfc00000)
  to   space 9728K, 0% used [0x00000000e2680000,0x00000000e2680000,0x00000000e3000000)
 ParOldGen       total 51200K, used 6999K [0x0000000087200000, 0x000000008a400000, 0x00000000d7b80000)
  object space 51200K, 13% used [0x0000000087200000,0x00000000878d5ed8,0x000000008a400000)
 Metaspace       used 33251K, capacity 35312K, committed 35416K, reserved 1079296K
  class space    used 4288K, capacity 4678K, committed 4736K, reserved 1048576K
Event: 5.439 GC heap after
Heap after GC invocations=9 (full 1):
 PSYoungGen      total 174080K, used 9191K [0x00000000d7b80000, 0x00000000e5200000, 0x0000000100000000)
  eden space 164352K, 0% used [0x00000000d7b80000,0x00000000d7b80000,0x00000000e1c00000)
  from space 9728K, 94% used [0x00000000e2680000,0x00000000e2f79cc0,0x00000000e3000000)
  to   space 10752K, 0% used [0x00000000e1c00000,0x00000000e1c00000,0x00000000e2680000)
 ParOldGen       total 51200K, used 7007K [0x0000000087200000, 0x000000008a400000, 0x00000000d7b80000)
  object space 51200K, 13% used [0x0000000087200000,0x00000000878d7ed8,0x000000008a400000)
 Metaspace       used 33251K, capacity 35312K, committed 35416K, reserved 1079296K
  class space    used 4288K, capacity 4678K, committed 4736K, reserved 1048576K
}
Event: 5.439 GC heap before
{Heap before GC invocations=10 (full 2):
 PSYoungGen      total 174080K, used 9191K [0x00000000d7b80000, 0x00000000e5200000, 0x0000000100000000)
  eden space 164352K, 0% used [0x00000000d7b80000,0x00000000d7b80000,0x00000000e1c00000)
  from space 9728K, 94% used [0x00000000e2680000,0x00000000e2f79cc0,0x00000000e3000000)
  to   space 10752K, 0% used [0x00000000e1c00000,0x00000000e1c00000,0x00000000e2680000)
 ParOldGen       total 51200K, used 7007K [0x0000000087200000, 0x000000008a400000, 0x00000000d7b80000)
  object space 51200K, 13% used [0x0000000087200000,0x00000000878d7ed8,0x000000008a400000)
 Metaspace       used 33251K, capacity 35312K, committed 35416K, reserved 1079296K
  class space    used 4288K, capacity 4678K, committed 4736K, reserved 1048576K
Event: 5.552 GC heap after
Heap after GC invocations=10 (full 2):
 PSYoungGen      total 174080K, used 0K [0x00000000d7b80000, 0x00000000e5200000, 0x0000000100000000)
  eden space 164352K, 0% used [0x00000000d7b80000,0x00000000d7b80000,0x00000000e1c00000)
  from space 9728K, 0% used [0x00000000e2680000,0x00000000e2680000,0x00000000e3000000)
  to   space 10752K, 0% used [0x00000000e1c00000,0x00000000e1c00000,0x00000000e2680000)
 ParOldGen       total 82432K, used 13437K [0x0000000087200000, 0x000000008c280000, 0x00000000d7b80000)
  object space 82432K, 16% used [0x0000000087200000,0x0000000087f1f580,0x000000008c280000)
 Metaspace       used 33251K, capacity 35312K, committed 35416K, reserved 1079296K
  class space    used 4288K, capacity 4678K, committed 4736K, reserved 1048576K
}

